z:/stm_reference/stmpegit/stm-pe/stm/Build/StmPkg/DEBUG_VS2010x86/X64/StmPkg/Library/StmLib/StmLib/OUTPUT/Vmx.obj
z:/stm_reference/stmpegit/stm-pe/stm/Build/StmPkg/DEBUG_VS2010x86/X64/StmPkg/Library/StmLib/StmLib/OUTPUT/Smx.obj
z:/stm_reference/stmpegit/stm-pe/stm/Build/StmPkg/DEBUG_VS2010x86/X64/StmPkg/Library/StmLib/StmLib/OUTPUT/x64/AsmInvEpt.obj
z:/stm_reference/stmpegit/stm-pe/stm/Build/StmPkg/DEBUG_VS2010x86/X64/StmPkg/Library/StmLib/StmLib/OUTPUT/x64/AsmInvVpid.obj
z:/stm_reference/stmpegit/stm-pe/stm/Build/StmPkg/DEBUG_VS2010x86/X64/StmPkg/Library/StmLib/StmLib/OUTPUT/x64/AsmVmCall.obj
z:/stm_reference/stmpegit/stm-pe/stm/Build/StmPkg/DEBUG_VS2010x86/X64/StmPkg/Library/StmLib/StmLib/OUTPUT/x64/AsmVmClear.obj
z:/stm_reference/stmpegit/stm-pe/stm/Build/StmPkg/DEBUG_VS2010x86/X64/StmPkg/Library/StmLib/StmLib/OUTPUT/x64/AsmVmLaunch.obj
z:/stm_reference/stmpegit/stm-pe/stm/Build/StmPkg/DEBUG_VS2010x86/X64/StmPkg/Library/StmLib/StmLib/OUTPUT/x64/AsmVmPtrLoad.obj
z:/stm_reference/stmpegit/stm-pe/stm/Build/StmPkg/DEBUG_VS2010x86/X64/StmPkg/Library/StmLib/StmLib/OUTPUT/x64/AsmVmPtrStore.obj
z:/stm_reference/stmpegit/stm-pe/stm/Build/StmPkg/DEBUG_VS2010x86/X64/StmPkg/Library/StmLib/StmLib/OUTPUT/x64/AsmVmRead.obj
z:/stm_reference/stmpegit/stm-pe/stm/Build/StmPkg/DEBUG_VS2010x86/X64/StmPkg/Library/StmLib/StmLib/OUTPUT/x64/AsmVmResume.obj
z:/stm_reference/stmpegit/stm-pe/stm/Build/StmPkg/DEBUG_VS2010x86/X64/StmPkg/Library/StmLib/StmLib/OUTPUT/x64/AsmVmWrite.obj
z:/stm_reference/stmpegit/stm-pe/stm/Build/StmPkg/DEBUG_VS2010x86/X64/StmPkg/Library/StmLib/StmLib/OUTPUT/x64/AsmVmxOff.obj
z:/stm_reference/stmpegit/stm-pe/stm/Build/StmPkg/DEBUG_VS2010x86/X64/StmPkg/Library/StmLib/StmLib/OUTPUT/x64/AsmVmxOn.obj
z:/stm_reference/stmpegit/stm-pe/stm/Build/StmPkg/DEBUG_VS2010x86/X64/StmPkg/Library/StmLib/StmLib/OUTPUT/x64/Vmx64.obj
z:/stm_reference/stmpegit/stm-pe/stm/Build/StmPkg/DEBUG_VS2010x86/X64/StmPkg/Library/StmLib/StmLib/OUTPUT/x64/AsmXSave.obj
z:/stm_reference/stmpegit/stm-pe/stm/Build/StmPkg/DEBUG_VS2010x86/X64/StmPkg/Library/StmLib/StmLib/OUTPUT/x64/AsmXRestore.obj
z:/stm_reference/stmpegit/stm-pe/stm/Build/StmPkg/DEBUG_VS2010x86/X64/StmPkg/Library/StmLib/StmLib/OUTPUT/x64/AsmXGetBv.obj
z:/stm_reference/stmpegit/stm-pe/stm/Build/StmPkg/DEBUG_VS2010x86/X64/StmPkg/Library/StmLib/StmLib/OUTPUT/x64/AsmXSetBv.obj
z:/stm_reference/stmpegit/stm-pe/stm/Build/StmPkg/DEBUG_VS2010x86/X64/StmPkg/Library/StmLib/StmLib/OUTPUT/x64/AsmTestAndSet.obj
z:/stm_reference/stmpegit/stm-pe/stm/Build/StmPkg/DEBUG_VS2010x86/X64/StmPkg/Library/StmLib/StmLib/OUTPUT/x64/AsmTestAndReset.obj
z:/stm_reference/stmpegit/stm-pe/stm/Build/StmPkg/DEBUG_VS2010x86/X64/StmPkg/Library/StmLib/StmLib/OUTPUT/x64/AsmSendInt2.obj