z:/stm_reference/stmpegit/stm-pe/stm/Build/StmPkg/DEBUG_VS2010x86/IA32/StmPkg/Library/StmLib/StmLib/OUTPUT/Vmx.obj
z:/stm_reference/stmpegit/stm-pe/stm/Build/StmPkg/DEBUG_VS2010x86/IA32/StmPkg/Library/StmLib/StmLib/OUTPUT/Smx.obj
z:/stm_reference/stmpegit/stm-pe/stm/Build/StmPkg/DEBUG_VS2010x86/IA32/StmPkg/Library/StmLib/StmLib/OUTPUT/Ia32/AsmInvEpt.obj
z:/stm_reference/stmpegit/stm-pe/stm/Build/StmPkg/DEBUG_VS2010x86/IA32/StmPkg/Library/StmLib/StmLib/OUTPUT/Ia32/AsmInvVpid.obj
z:/stm_reference/stmpegit/stm-pe/stm/Build/StmPkg/DEBUG_VS2010x86/IA32/StmPkg/Library/StmLib/StmLib/OUTPUT/Ia32/AsmVmCall.obj
z:/stm_reference/stmpegit/stm-pe/stm/Build/StmPkg/DEBUG_VS2010x86/IA32/StmPkg/Library/StmLib/StmLib/OUTPUT/Ia32/AsmVmClear.obj
z:/stm_reference/stmpegit/stm-pe/stm/Build/StmPkg/DEBUG_VS2010x86/IA32/StmPkg/Library/StmLib/StmLib/OUTPUT/Ia32/AsmVmLaunch.obj
z:/stm_reference/stmpegit/stm-pe/stm/Build/StmPkg/DEBUG_VS2010x86/IA32/StmPkg/Library/StmLib/StmLib/OUTPUT/Ia32/AsmVmPtrLoad.obj
z:/stm_reference/stmpegit/stm-pe/stm/Build/StmPkg/DEBUG_VS2010x86/IA32/StmPkg/Library/StmLib/StmLib/OUTPUT/Ia32/AsmVmPtrStore.obj
z:/stm_reference/stmpegit/stm-pe/stm/Build/StmPkg/DEBUG_VS2010x86/IA32/StmPkg/Library/StmLib/StmLib/OUTPUT/Ia32/AsmVmRead.obj
z:/stm_reference/stmpegit/stm-pe/stm/Build/StmPkg/DEBUG_VS2010x86/IA32/StmPkg/Library/StmLib/StmLib/OUTPUT/Ia32/AsmVmResume.obj
z:/stm_reference/stmpegit/stm-pe/stm/Build/StmPkg/DEBUG_VS2010x86/IA32/StmPkg/Library/StmLib/StmLib/OUTPUT/Ia32/AsmVmWrite.obj
z:/stm_reference/stmpegit/stm-pe/stm/Build/StmPkg/DEBUG_VS2010x86/IA32/StmPkg/Library/StmLib/StmLib/OUTPUT/Ia32/AsmVmxOff.obj
z:/stm_reference/stmpegit/stm-pe/stm/Build/StmPkg/DEBUG_VS2010x86/IA32/StmPkg/Library/StmLib/StmLib/OUTPUT/Ia32/AsmVmxOn.obj
z:/stm_reference/stmpegit/stm-pe/stm/Build/StmPkg/DEBUG_VS2010x86/IA32/StmPkg/Library/StmLib/StmLib/OUTPUT/Ia32/Vmx64.obj
z:/stm_reference/stmpegit/stm-pe/stm/Build/StmPkg/DEBUG_VS2010x86/IA32/StmPkg/Library/StmLib/StmLib/OUTPUT/Ia32/AsmXSave.obj
z:/stm_reference/stmpegit/stm-pe/stm/Build/StmPkg/DEBUG_VS2010x86/IA32/StmPkg/Library/StmLib/StmLib/OUTPUT/Ia32/AsmXRestore.obj
z:/stm_reference/stmpegit/stm-pe/stm/Build/StmPkg/DEBUG_VS2010x86/IA32/StmPkg/Library/StmLib/StmLib/OUTPUT/Ia32/AsmXGetBv.obj
z:/stm_reference/stmpegit/stm-pe/stm/Build/StmPkg/DEBUG_VS2010x86/IA32/StmPkg/Library/StmLib/StmLib/OUTPUT/Ia32/AsmXSetBv.obj
z:/stm_reference/stmpegit/stm-pe/stm/Build/StmPkg/DEBUG_VS2010x86/IA32/StmPkg/Library/StmLib/StmLib/OUTPUT/Ia32/AsmTestAndSet.obj
z:/stm_reference/stmpegit/stm-pe/stm/Build/StmPkg/DEBUG_VS2010x86/IA32/StmPkg/Library/StmLib/StmLib/OUTPUT/Ia32/AsmTestAndReset.obj
z:/stm_reference/stmpegit/stm-pe/stm/Build/StmPkg/DEBUG_VS2010x86/IA32/StmPkg/Library/StmLib/StmLib/OUTPUT/Ia32/AsmSendInt2.obj