z:/stm_reference/stmpegit/stm-pe/stm/Build/StmPkg/DEBUG_VS2010x86/X64/StmPkg/EdkII/MdePkg/Library/BaseLib/BaseLib/OUTPUT/SwapBytes32.obj
z:/stm_reference/stmpegit/stm-pe/stm/Build/StmPkg/DEBUG_VS2010x86/X64/StmPkg/EdkII/MdePkg/Library/BaseLib/BaseLib/OUTPUT/SwapBytes16.obj
z:/stm_reference/stmpegit/stm-pe/stm/Build/StmPkg/DEBUG_VS2010x86/X64/StmPkg/EdkII/MdePkg/Library/BaseLib/BaseLib/OUTPUT/LongJump.obj
z:/stm_reference/stmpegit/stm-pe/stm/Build/StmPkg/DEBUG_VS2010x86/X64/StmPkg/EdkII/MdePkg/Library/BaseLib/BaseLib/OUTPUT/SetJump.obj
z:/stm_reference/stmpegit/stm-pe/stm/Build/StmPkg/DEBUG_VS2010x86/X64/StmPkg/EdkII/MdePkg/Library/BaseLib/BaseLib/OUTPUT/RShiftU64.obj
z:/stm_reference/stmpegit/stm-pe/stm/Build/StmPkg/DEBUG_VS2010x86/X64/StmPkg/EdkII/MdePkg/Library/BaseLib/BaseLib/OUTPUT/MultU64x32.obj
z:/stm_reference/stmpegit/stm-pe/stm/Build/StmPkg/DEBUG_VS2010x86/X64/StmPkg/EdkII/MdePkg/Library/BaseLib/BaseLib/OUTPUT/LShiftU64.obj
z:/stm_reference/stmpegit/stm-pe/stm/Build/StmPkg/DEBUG_VS2010x86/X64/StmPkg/EdkII/MdePkg/Library/BaseLib/BaseLib/OUTPUT/DivU64x32Remainder.obj
z:/stm_reference/stmpegit/stm-pe/stm/Build/StmPkg/DEBUG_VS2010x86/X64/StmPkg/EdkII/MdePkg/Library/BaseLib/BaseLib/OUTPUT/DivU64x32.obj
z:/stm_reference/stmpegit/stm-pe/stm/Build/StmPkg/DEBUG_VS2010x86/X64/StmPkg/EdkII/MdePkg/Library/BaseLib/BaseLib/OUTPUT/BitField.obj
z:/stm_reference/stmpegit/stm-pe/stm/Build/StmPkg/DEBUG_VS2010x86/X64/StmPkg/EdkII/MdePkg/Library/BaseLib/BaseLib/OUTPUT/CpuDeadLoop.obj
z:/stm_reference/stmpegit/stm-pe/stm/Build/StmPkg/DEBUG_VS2010x86/X64/StmPkg/EdkII/MdePkg/Library/BaseLib/BaseLib/OUTPUT/Cpu.obj
z:/stm_reference/stmpegit/stm-pe/stm/Build/StmPkg/DEBUG_VS2010x86/X64/StmPkg/EdkII/MdePkg/Library/BaseLib/BaseLib/OUTPUT/String.obj
z:/stm_reference/stmpegit/stm-pe/stm/Build/StmPkg/DEBUG_VS2010x86/X64/StmPkg/EdkII/MdePkg/Library/BaseLib/BaseLib/OUTPUT/X64/CpuPause.obj
z:/stm_reference/stmpegit/stm-pe/stm/Build/StmPkg/DEBUG_VS2010x86/X64/StmPkg/EdkII/MdePkg/Library/BaseLib/BaseLib/OUTPUT/X64/EnableDisableInterrupts.obj
z:/stm_reference/stmpegit/stm-pe/stm/Build/StmPkg/DEBUG_VS2010x86/X64/StmPkg/EdkII/MdePkg/Library/BaseLib/BaseLib/OUTPUT/X64/DisableInterrupts.obj
z:/stm_reference/stmpegit/stm-pe/stm/Build/StmPkg/DEBUG_VS2010x86/X64/StmPkg/EdkII/MdePkg/Library/BaseLib/BaseLib/OUTPUT/X64/EnableInterrupts.obj
z:/stm_reference/stmpegit/stm-pe/stm/Build/StmPkg/DEBUG_VS2010x86/X64/StmPkg/EdkII/MdePkg/Library/BaseLib/BaseLib/OUTPUT/X64/FlushCacheLine.obj
z:/stm_reference/stmpegit/stm-pe/stm/Build/StmPkg/DEBUG_VS2010x86/X64/StmPkg/EdkII/MdePkg/Library/BaseLib/BaseLib/OUTPUT/X64/Invd.obj
z:/stm_reference/stmpegit/stm-pe/stm/Build/StmPkg/DEBUG_VS2010x86/X64/StmPkg/EdkII/MdePkg/Library/BaseLib/BaseLib/OUTPUT/X64/Wbinvd.obj
z:/stm_reference/stmpegit/stm-pe/stm/Build/StmPkg/DEBUG_VS2010x86/X64/StmPkg/EdkII/MdePkg/Library/BaseLib/BaseLib/OUTPUT/X64/ReadTsc.obj
z:/stm_reference/stmpegit/stm-pe/stm/Build/StmPkg/DEBUG_VS2010x86/X64/StmPkg/EdkII/MdePkg/Library/BaseLib/BaseLib/OUTPUT/X64/FxRestore.obj
z:/stm_reference/stmpegit/stm-pe/stm/Build/StmPkg/DEBUG_VS2010x86/X64/StmPkg/EdkII/MdePkg/Library/BaseLib/BaseLib/OUTPUT/X64/FxSave.obj
z:/stm_reference/stmpegit/stm-pe/stm/Build/StmPkg/DEBUG_VS2010x86/X64/StmPkg/EdkII/MdePkg/Library/BaseLib/BaseLib/OUTPUT/X64/WriteLdtr.obj
z:/stm_reference/stmpegit/stm-pe/stm/Build/StmPkg/DEBUG_VS2010x86/X64/StmPkg/EdkII/MdePkg/Library/BaseLib/BaseLib/OUTPUT/X64/ReadLdtr.obj
z:/stm_reference/stmpegit/stm-pe/stm/Build/StmPkg/DEBUG_VS2010x86/X64/StmPkg/EdkII/MdePkg/Library/BaseLib/BaseLib/OUTPUT/X64/WriteIdtr.obj
z:/stm_reference/stmpegit/stm-pe/stm/Build/StmPkg/DEBUG_VS2010x86/X64/StmPkg/EdkII/MdePkg/Library/BaseLib/BaseLib/OUTPUT/X64/ReadIdtr.obj
z:/stm_reference/stmpegit/stm-pe/stm/Build/StmPkg/DEBUG_VS2010x86/X64/StmPkg/EdkII/MdePkg/Library/BaseLib/BaseLib/OUTPUT/X64/WriteGdtr.obj
z:/stm_reference/stmpegit/stm-pe/stm/Build/StmPkg/DEBUG_VS2010x86/X64/StmPkg/EdkII/MdePkg/Library/BaseLib/BaseLib/OUTPUT/X64/ReadGdtr.obj
z:/stm_reference/stmpegit/stm-pe/stm/Build/StmPkg/DEBUG_VS2010x86/X64/StmPkg/EdkII/MdePkg/Library/BaseLib/BaseLib/OUTPUT/X64/ReadTr.obj
z:/stm_reference/stmpegit/stm-pe/stm/Build/StmPkg/DEBUG_VS2010x86/X64/StmPkg/EdkII/MdePkg/Library/BaseLib/BaseLib/OUTPUT/X64/ReadSs.obj
z:/stm_reference/stmpegit/stm-pe/stm/Build/StmPkg/DEBUG_VS2010x86/X64/StmPkg/EdkII/MdePkg/Library/BaseLib/BaseLib/OUTPUT/X64/ReadGs.obj
z:/stm_reference/stmpegit/stm-pe/stm/Build/StmPkg/DEBUG_VS2010x86/X64/StmPkg/EdkII/MdePkg/Library/BaseLib/BaseLib/OUTPUT/X64/ReadFs.obj
z:/stm_reference/stmpegit/stm-pe/stm/Build/StmPkg/DEBUG_VS2010x86/X64/StmPkg/EdkII/MdePkg/Library/BaseLib/BaseLib/OUTPUT/X64/ReadEs.obj
z:/stm_reference/stmpegit/stm-pe/stm/Build/StmPkg/DEBUG_VS2010x86/X64/StmPkg/EdkII/MdePkg/Library/BaseLib/BaseLib/OUTPUT/X64/ReadDs.obj
z:/stm_reference/stmpegit/stm-pe/stm/Build/StmPkg/DEBUG_VS2010x86/X64/StmPkg/EdkII/MdePkg/Library/BaseLib/BaseLib/OUTPUT/X64/ReadCs.obj
z:/stm_reference/stmpegit/stm-pe/stm/Build/StmPkg/DEBUG_VS2010x86/X64/StmPkg/EdkII/MdePkg/Library/BaseLib/BaseLib/OUTPUT/X64/WriteDr7.obj
z:/stm_reference/stmpegit/stm-pe/stm/Build/StmPkg/DEBUG_VS2010x86/X64/StmPkg/EdkII/MdePkg/Library/BaseLib/BaseLib/OUTPUT/X64/WriteDr6.obj
z:/stm_reference/stmpegit/stm-pe/stm/Build/StmPkg/DEBUG_VS2010x86/X64/StmPkg/EdkII/MdePkg/Library/BaseLib/BaseLib/OUTPUT/X64/WriteDr5.obj
z:/stm_reference/stmpegit/stm-pe/stm/Build/StmPkg/DEBUG_VS2010x86/X64/StmPkg/EdkII/MdePkg/Library/BaseLib/BaseLib/OUTPUT/X64/WriteDr4.obj
z:/stm_reference/stmpegit/stm-pe/stm/Build/StmPkg/DEBUG_VS2010x86/X64/StmPkg/EdkII/MdePkg/Library/BaseLib/BaseLib/OUTPUT/X64/WriteDr3.obj
z:/stm_reference/stmpegit/stm-pe/stm/Build/StmPkg/DEBUG_VS2010x86/X64/StmPkg/EdkII/MdePkg/Library/BaseLib/BaseLib/OUTPUT/X64/WriteDr2.obj
z:/stm_reference/stmpegit/stm-pe/stm/Build/StmPkg/DEBUG_VS2010x86/X64/StmPkg/EdkII/MdePkg/Library/BaseLib/BaseLib/OUTPUT/X64/WriteDr1.obj
z:/stm_reference/stmpegit/stm-pe/stm/Build/StmPkg/DEBUG_VS2010x86/X64/StmPkg/EdkII/MdePkg/Library/BaseLib/BaseLib/OUTPUT/X64/WriteDr0.obj
z:/stm_reference/stmpegit/stm-pe/stm/Build/StmPkg/DEBUG_VS2010x86/X64/StmPkg/EdkII/MdePkg/Library/BaseLib/BaseLib/OUTPUT/X64/ReadDr7.obj
z:/stm_reference/stmpegit/stm-pe/stm/Build/StmPkg/DEBUG_VS2010x86/X64/StmPkg/EdkII/MdePkg/Library/BaseLib/BaseLib/OUTPUT/X64/ReadDr6.obj
z:/stm_reference/stmpegit/stm-pe/stm/Build/StmPkg/DEBUG_VS2010x86/X64/StmPkg/EdkII/MdePkg/Library/BaseLib/BaseLib/OUTPUT/X64/ReadDr5.obj
z:/stm_reference/stmpegit/stm-pe/stm/Build/StmPkg/DEBUG_VS2010x86/X64/StmPkg/EdkII/MdePkg/Library/BaseLib/BaseLib/OUTPUT/X64/ReadDr4.obj
z:/stm_reference/stmpegit/stm-pe/stm/Build/StmPkg/DEBUG_VS2010x86/X64/StmPkg/EdkII/MdePkg/Library/BaseLib/BaseLib/OUTPUT/X64/ReadDr3.obj
z:/stm_reference/stmpegit/stm-pe/stm/Build/StmPkg/DEBUG_VS2010x86/X64/StmPkg/EdkII/MdePkg/Library/BaseLib/BaseLib/OUTPUT/X64/ReadDr2.obj
z:/stm_reference/stmpegit/stm-pe/stm/Build/StmPkg/DEBUG_VS2010x86/X64/StmPkg/EdkII/MdePkg/Library/BaseLib/BaseLib/OUTPUT/X64/ReadDr1.obj
z:/stm_reference/stmpegit/stm-pe/stm/Build/StmPkg/DEBUG_VS2010x86/X64/StmPkg/EdkII/MdePkg/Library/BaseLib/BaseLib/OUTPUT/X64/ReadDr0.obj
z:/stm_reference/stmpegit/stm-pe/stm/Build/StmPkg/DEBUG_VS2010x86/X64/StmPkg/EdkII/MdePkg/Library/BaseLib/BaseLib/OUTPUT/X64/WriteCr4.obj
z:/stm_reference/stmpegit/stm-pe/stm/Build/StmPkg/DEBUG_VS2010x86/X64/StmPkg/EdkII/MdePkg/Library/BaseLib/BaseLib/OUTPUT/X64/WriteCr3.obj
z:/stm_reference/stmpegit/stm-pe/stm/Build/StmPkg/DEBUG_VS2010x86/X64/StmPkg/EdkII/MdePkg/Library/BaseLib/BaseLib/OUTPUT/X64/WriteCr2.obj
z:/stm_reference/stmpegit/stm-pe/stm/Build/StmPkg/DEBUG_VS2010x86/X64/StmPkg/EdkII/MdePkg/Library/BaseLib/BaseLib/OUTPUT/X64/WriteCr0.obj
z:/stm_reference/stmpegit/stm-pe/stm/Build/StmPkg/DEBUG_VS2010x86/X64/StmPkg/EdkII/MdePkg/Library/BaseLib/BaseLib/OUTPUT/X64/ReadCr4.obj
z:/stm_reference/stmpegit/stm-pe/stm/Build/StmPkg/DEBUG_VS2010x86/X64/StmPkg/EdkII/MdePkg/Library/BaseLib/BaseLib/OUTPUT/X64/ReadCr3.obj
z:/stm_reference/stmpegit/stm-pe/stm/Build/StmPkg/DEBUG_VS2010x86/X64/StmPkg/EdkII/MdePkg/Library/BaseLib/BaseLib/OUTPUT/X64/ReadCr2.obj
z:/stm_reference/stmpegit/stm-pe/stm/Build/StmPkg/DEBUG_VS2010x86/X64/StmPkg/EdkII/MdePkg/Library/BaseLib/BaseLib/OUTPUT/X64/ReadCr0.obj
z:/stm_reference/stmpegit/stm-pe/stm/Build/StmPkg/DEBUG_VS2010x86/X64/StmPkg/EdkII/MdePkg/Library/BaseLib/BaseLib/OUTPUT/X64/ReadEflags.obj
z:/stm_reference/stmpegit/stm-pe/stm/Build/StmPkg/DEBUG_VS2010x86/X64/StmPkg/EdkII/MdePkg/Library/BaseLib/BaseLib/OUTPUT/X64/CpuIdEx.obj
z:/stm_reference/stmpegit/stm-pe/stm/Build/StmPkg/DEBUG_VS2010x86/X64/StmPkg/EdkII/MdePkg/Library/BaseLib/BaseLib/OUTPUT/X64/CpuId.obj
z:/stm_reference/stmpegit/stm-pe/stm/Build/StmPkg/DEBUG_VS2010x86/X64/StmPkg/EdkII/MdePkg/Library/BaseLib/BaseLib/OUTPUT/X64/LongJump.obj
z:/stm_reference/stmpegit/stm-pe/stm/Build/StmPkg/DEBUG_VS2010x86/X64/StmPkg/EdkII/MdePkg/Library/BaseLib/BaseLib/OUTPUT/X64/SetJump.obj
z:/stm_reference/stmpegit/stm-pe/stm/Build/StmPkg/DEBUG_VS2010x86/X64/StmPkg/EdkII/MdePkg/Library/BaseLib/BaseLib/OUTPUT/X64/EnableCache.obj
z:/stm_reference/stmpegit/stm-pe/stm/Build/StmPkg/DEBUG_VS2010x86/X64/StmPkg/EdkII/MdePkg/Library/BaseLib/BaseLib/OUTPUT/X64/DisableCache.obj
z:/stm_reference/stmpegit/stm-pe/stm/Build/StmPkg/DEBUG_VS2010x86/X64/StmPkg/EdkII/MdePkg/Library/BaseLib/BaseLib/OUTPUT/X64/CpuBreakpoint.obj
z:/stm_reference/stmpegit/stm-pe/stm/Build/StmPkg/DEBUG_VS2010x86/X64/StmPkg/EdkII/MdePkg/Library/BaseLib/BaseLib/OUTPUT/X64/WriteMsr64.obj
z:/stm_reference/stmpegit/stm-pe/stm/Build/StmPkg/DEBUG_VS2010x86/X64/StmPkg/EdkII/MdePkg/Library/BaseLib/BaseLib/OUTPUT/X64/ReadMsr64.obj
z:/stm_reference/stmpegit/stm-pe/stm/Build/StmPkg/DEBUG_VS2010x86/X64/StmPkg/EdkII/MdePkg/Library/BaseLib/BaseLib/OUTPUT/X64/Non-existing.obj
z:/stm_reference/stmpegit/stm-pe/stm/Build/StmPkg/DEBUG_VS2010x86/X64/StmPkg/EdkII/MdePkg/Library/BaseLib/BaseLib/OUTPUT/Math64.obj
z:/stm_reference/stmpegit/stm-pe/stm/Build/StmPkg/DEBUG_VS2010x86/X64/StmPkg/EdkII/MdePkg/Library/BaseLib/BaseLib/OUTPUT/Unaligned.obj
z:/stm_reference/stmpegit/stm-pe/stm/Build/StmPkg/DEBUG_VS2010x86/X64/StmPkg/EdkII/MdePkg/Library/BaseLib/BaseLib/OUTPUT/X86WriteIdtr.obj
z:/stm_reference/stmpegit/stm-pe/stm/Build/StmPkg/DEBUG_VS2010x86/X64/StmPkg/EdkII/MdePkg/Library/BaseLib/BaseLib/OUTPUT/X86WriteGdtr.obj
z:/stm_reference/stmpegit/stm-pe/stm/Build/StmPkg/DEBUG_VS2010x86/X64/StmPkg/EdkII/MdePkg/Library/BaseLib/BaseLib/OUTPUT/X86ReadIdtr.obj
z:/stm_reference/stmpegit/stm-pe/stm/Build/StmPkg/DEBUG_VS2010x86/X64/StmPkg/EdkII/MdePkg/Library/BaseLib/BaseLib/OUTPUT/X86ReadGdtr.obj
z:/stm_reference/stmpegit/stm-pe/stm/Build/StmPkg/DEBUG_VS2010x86/X64/StmPkg/EdkII/MdePkg/Library/BaseLib/BaseLib/OUTPUT/X86Msr.obj
z:/stm_reference/stmpegit/stm-pe/stm/Build/StmPkg/DEBUG_VS2010x86/X64/StmPkg/EdkII/MdePkg/Library/BaseLib/BaseLib/OUTPUT/X86MemoryFence.obj
z:/stm_reference/stmpegit/stm-pe/stm/Build/StmPkg/DEBUG_VS2010x86/X64/StmPkg/EdkII/MdePkg/Library/BaseLib/BaseLib/OUTPUT/X86GetInterruptState.obj
z:/stm_reference/stmpegit/stm-pe/stm/Build/StmPkg/DEBUG_VS2010x86/X64/StmPkg/EdkII/MdePkg/Library/BaseLib/BaseLib/OUTPUT/X86FxSave.obj
z:/stm_reference/stmpegit/stm-pe/stm/Build/StmPkg/DEBUG_VS2010x86/X64/StmPkg/EdkII/MdePkg/Library/BaseLib/BaseLib/OUTPUT/X86FxRestore.obj