z:/stm_reference/stmpegit/stm-pe/stm/Build/StmPkg/DEBUG_VS2010x86/IA32/StmPkg/EdkII/MdePkg/Library/BaseLib/BaseLib/OUTPUT/SwapBytes32.obj
z:/stm_reference/stmpegit/stm-pe/stm/Build/StmPkg/DEBUG_VS2010x86/IA32/StmPkg/EdkII/MdePkg/Library/BaseLib/BaseLib/OUTPUT/SwapBytes16.obj
z:/stm_reference/stmpegit/stm-pe/stm/Build/StmPkg/DEBUG_VS2010x86/IA32/StmPkg/EdkII/MdePkg/Library/BaseLib/BaseLib/OUTPUT/LongJump.obj
z:/stm_reference/stmpegit/stm-pe/stm/Build/StmPkg/DEBUG_VS2010x86/IA32/StmPkg/EdkII/MdePkg/Library/BaseLib/BaseLib/OUTPUT/SetJump.obj
z:/stm_reference/stmpegit/stm-pe/stm/Build/StmPkg/DEBUG_VS2010x86/IA32/StmPkg/EdkII/MdePkg/Library/BaseLib/BaseLib/OUTPUT/RShiftU64.obj
z:/stm_reference/stmpegit/stm-pe/stm/Build/StmPkg/DEBUG_VS2010x86/IA32/StmPkg/EdkII/MdePkg/Library/BaseLib/BaseLib/OUTPUT/MultU64x32.obj
z:/stm_reference/stmpegit/stm-pe/stm/Build/StmPkg/DEBUG_VS2010x86/IA32/StmPkg/EdkII/MdePkg/Library/BaseLib/BaseLib/OUTPUT/LShiftU64.obj
z:/stm_reference/stmpegit/stm-pe/stm/Build/StmPkg/DEBUG_VS2010x86/IA32/StmPkg/EdkII/MdePkg/Library/BaseLib/BaseLib/OUTPUT/DivU64x32Remainder.obj
z:/stm_reference/stmpegit/stm-pe/stm/Build/StmPkg/DEBUG_VS2010x86/IA32/StmPkg/EdkII/MdePkg/Library/BaseLib/BaseLib/OUTPUT/DivU64x32.obj
z:/stm_reference/stmpegit/stm-pe/stm/Build/StmPkg/DEBUG_VS2010x86/IA32/StmPkg/EdkII/MdePkg/Library/BaseLib/BaseLib/OUTPUT/BitField.obj
z:/stm_reference/stmpegit/stm-pe/stm/Build/StmPkg/DEBUG_VS2010x86/IA32/StmPkg/EdkII/MdePkg/Library/BaseLib/BaseLib/OUTPUT/CpuDeadLoop.obj
z:/stm_reference/stmpegit/stm-pe/stm/Build/StmPkg/DEBUG_VS2010x86/IA32/StmPkg/EdkII/MdePkg/Library/BaseLib/BaseLib/OUTPUT/Cpu.obj
z:/stm_reference/stmpegit/stm-pe/stm/Build/StmPkg/DEBUG_VS2010x86/IA32/StmPkg/EdkII/MdePkg/Library/BaseLib/BaseLib/OUTPUT/String.obj
z:/stm_reference/stmpegit/stm-pe/stm/Build/StmPkg/DEBUG_VS2010x86/IA32/StmPkg/EdkII/MdePkg/Library/BaseLib/BaseLib/OUTPUT/Ia32/Wbinvd.obj
z:/stm_reference/stmpegit/stm-pe/stm/Build/StmPkg/DEBUG_VS2010x86/IA32/StmPkg/EdkII/MdePkg/Library/BaseLib/BaseLib/OUTPUT/Ia32/WriteLdtr.obj
z:/stm_reference/stmpegit/stm-pe/stm/Build/StmPkg/DEBUG_VS2010x86/IA32/StmPkg/EdkII/MdePkg/Library/BaseLib/BaseLib/OUTPUT/Ia32/WriteIdtr.obj
z:/stm_reference/stmpegit/stm-pe/stm/Build/StmPkg/DEBUG_VS2010x86/IA32/StmPkg/EdkII/MdePkg/Library/BaseLib/BaseLib/OUTPUT/Ia32/WriteGdtr.obj
z:/stm_reference/stmpegit/stm-pe/stm/Build/StmPkg/DEBUG_VS2010x86/IA32/StmPkg/EdkII/MdePkg/Library/BaseLib/BaseLib/OUTPUT/Ia32/WriteDr7.obj
z:/stm_reference/stmpegit/stm-pe/stm/Build/StmPkg/DEBUG_VS2010x86/IA32/StmPkg/EdkII/MdePkg/Library/BaseLib/BaseLib/OUTPUT/Ia32/WriteDr6.obj
z:/stm_reference/stmpegit/stm-pe/stm/Build/StmPkg/DEBUG_VS2010x86/IA32/StmPkg/EdkII/MdePkg/Library/BaseLib/BaseLib/OUTPUT/Ia32/WriteDr5.obj
z:/stm_reference/stmpegit/stm-pe/stm/Build/StmPkg/DEBUG_VS2010x86/IA32/StmPkg/EdkII/MdePkg/Library/BaseLib/BaseLib/OUTPUT/Ia32/WriteDr4.obj
z:/stm_reference/stmpegit/stm-pe/stm/Build/StmPkg/DEBUG_VS2010x86/IA32/StmPkg/EdkII/MdePkg/Library/BaseLib/BaseLib/OUTPUT/Ia32/WriteDr3.obj
z:/stm_reference/stmpegit/stm-pe/stm/Build/StmPkg/DEBUG_VS2010x86/IA32/StmPkg/EdkII/MdePkg/Library/BaseLib/BaseLib/OUTPUT/Ia32/WriteDr2.obj
z:/stm_reference/stmpegit/stm-pe/stm/Build/StmPkg/DEBUG_VS2010x86/IA32/StmPkg/EdkII/MdePkg/Library/BaseLib/BaseLib/OUTPUT/Ia32/WriteDr1.obj
z:/stm_reference/stmpegit/stm-pe/stm/Build/StmPkg/DEBUG_VS2010x86/IA32/StmPkg/EdkII/MdePkg/Library/BaseLib/BaseLib/OUTPUT/Ia32/WriteDr0.obj
z:/stm_reference/stmpegit/stm-pe/stm/Build/StmPkg/DEBUG_VS2010x86/IA32/StmPkg/EdkII/MdePkg/Library/BaseLib/BaseLib/OUTPUT/Ia32/WriteCr4.obj
z:/stm_reference/stmpegit/stm-pe/stm/Build/StmPkg/DEBUG_VS2010x86/IA32/StmPkg/EdkII/MdePkg/Library/BaseLib/BaseLib/OUTPUT/Ia32/WriteCr3.obj
z:/stm_reference/stmpegit/stm-pe/stm/Build/StmPkg/DEBUG_VS2010x86/IA32/StmPkg/EdkII/MdePkg/Library/BaseLib/BaseLib/OUTPUT/Ia32/WriteCr2.obj
z:/stm_reference/stmpegit/stm-pe/stm/Build/StmPkg/DEBUG_VS2010x86/IA32/StmPkg/EdkII/MdePkg/Library/BaseLib/BaseLib/OUTPUT/Ia32/WriteCr0.obj
z:/stm_reference/stmpegit/stm-pe/stm/Build/StmPkg/DEBUG_VS2010x86/IA32/StmPkg/EdkII/MdePkg/Library/BaseLib/BaseLib/OUTPUT/Ia32/WriteMsr64.obj
z:/stm_reference/stmpegit/stm-pe/stm/Build/StmPkg/DEBUG_VS2010x86/IA32/StmPkg/EdkII/MdePkg/Library/BaseLib/BaseLib/OUTPUT/Ia32/SetJump.obj
z:/stm_reference/stmpegit/stm-pe/stm/Build/StmPkg/DEBUG_VS2010x86/IA32/StmPkg/EdkII/MdePkg/Library/BaseLib/BaseLib/OUTPUT/Ia32/RShiftU64.obj
z:/stm_reference/stmpegit/stm-pe/stm/Build/StmPkg/DEBUG_VS2010x86/IA32/StmPkg/EdkII/MdePkg/Library/BaseLib/BaseLib/OUTPUT/Ia32/ReadTsc.obj
z:/stm_reference/stmpegit/stm-pe/stm/Build/StmPkg/DEBUG_VS2010x86/IA32/StmPkg/EdkII/MdePkg/Library/BaseLib/BaseLib/OUTPUT/Ia32/ReadLdtr.obj
z:/stm_reference/stmpegit/stm-pe/stm/Build/StmPkg/DEBUG_VS2010x86/IA32/StmPkg/EdkII/MdePkg/Library/BaseLib/BaseLib/OUTPUT/Ia32/ReadIdtr.obj
z:/stm_reference/stmpegit/stm-pe/stm/Build/StmPkg/DEBUG_VS2010x86/IA32/StmPkg/EdkII/MdePkg/Library/BaseLib/BaseLib/OUTPUT/Ia32/ReadGdtr.obj
z:/stm_reference/stmpegit/stm-pe/stm/Build/StmPkg/DEBUG_VS2010x86/IA32/StmPkg/EdkII/MdePkg/Library/BaseLib/BaseLib/OUTPUT/Ia32/ReadTr.obj
z:/stm_reference/stmpegit/stm-pe/stm/Build/StmPkg/DEBUG_VS2010x86/IA32/StmPkg/EdkII/MdePkg/Library/BaseLib/BaseLib/OUTPUT/Ia32/ReadSs.obj
z:/stm_reference/stmpegit/stm-pe/stm/Build/StmPkg/DEBUG_VS2010x86/IA32/StmPkg/EdkII/MdePkg/Library/BaseLib/BaseLib/OUTPUT/Ia32/ReadGs.obj
z:/stm_reference/stmpegit/stm-pe/stm/Build/StmPkg/DEBUG_VS2010x86/IA32/StmPkg/EdkII/MdePkg/Library/BaseLib/BaseLib/OUTPUT/Ia32/ReadFs.obj
z:/stm_reference/stmpegit/stm-pe/stm/Build/StmPkg/DEBUG_VS2010x86/IA32/StmPkg/EdkII/MdePkg/Library/BaseLib/BaseLib/OUTPUT/Ia32/ReadEs.obj
z:/stm_reference/stmpegit/stm-pe/stm/Build/StmPkg/DEBUG_VS2010x86/IA32/StmPkg/EdkII/MdePkg/Library/BaseLib/BaseLib/OUTPUT/Ia32/ReadDs.obj
z:/stm_reference/stmpegit/stm-pe/stm/Build/StmPkg/DEBUG_VS2010x86/IA32/StmPkg/EdkII/MdePkg/Library/BaseLib/BaseLib/OUTPUT/Ia32/ReadCs.obj
z:/stm_reference/stmpegit/stm-pe/stm/Build/StmPkg/DEBUG_VS2010x86/IA32/StmPkg/EdkII/MdePkg/Library/BaseLib/BaseLib/OUTPUT/Ia32/ReadMsr64.obj
z:/stm_reference/stmpegit/stm-pe/stm/Build/StmPkg/DEBUG_VS2010x86/IA32/StmPkg/EdkII/MdePkg/Library/BaseLib/BaseLib/OUTPUT/Ia32/ReadEflags.obj
z:/stm_reference/stmpegit/stm-pe/stm/Build/StmPkg/DEBUG_VS2010x86/IA32/StmPkg/EdkII/MdePkg/Library/BaseLib/BaseLib/OUTPUT/Ia32/ReadDr7.obj
z:/stm_reference/stmpegit/stm-pe/stm/Build/StmPkg/DEBUG_VS2010x86/IA32/StmPkg/EdkII/MdePkg/Library/BaseLib/BaseLib/OUTPUT/Ia32/ReadDr6.obj
z:/stm_reference/stmpegit/stm-pe/stm/Build/StmPkg/DEBUG_VS2010x86/IA32/StmPkg/EdkII/MdePkg/Library/BaseLib/BaseLib/OUTPUT/Ia32/ReadDr5.obj
z:/stm_reference/stmpegit/stm-pe/stm/Build/StmPkg/DEBUG_VS2010x86/IA32/StmPkg/EdkII/MdePkg/Library/BaseLib/BaseLib/OUTPUT/Ia32/ReadDr4.obj
z:/stm_reference/stmpegit/stm-pe/stm/Build/StmPkg/DEBUG_VS2010x86/IA32/StmPkg/EdkII/MdePkg/Library/BaseLib/BaseLib/OUTPUT/Ia32/ReadDr3.obj
z:/stm_reference/stmpegit/stm-pe/stm/Build/StmPkg/DEBUG_VS2010x86/IA32/StmPkg/EdkII/MdePkg/Library/BaseLib/BaseLib/OUTPUT/Ia32/ReadDr2.obj
z:/stm_reference/stmpegit/stm-pe/stm/Build/StmPkg/DEBUG_VS2010x86/IA32/StmPkg/EdkII/MdePkg/Library/BaseLib/BaseLib/OUTPUT/Ia32/ReadDr1.obj
z:/stm_reference/stmpegit/stm-pe/stm/Build/StmPkg/DEBUG_VS2010x86/IA32/StmPkg/EdkII/MdePkg/Library/BaseLib/BaseLib/OUTPUT/Ia32/ReadDr0.obj
z:/stm_reference/stmpegit/stm-pe/stm/Build/StmPkg/DEBUG_VS2010x86/IA32/StmPkg/EdkII/MdePkg/Library/BaseLib/BaseLib/OUTPUT/Ia32/ReadCr4.obj
z:/stm_reference/stmpegit/stm-pe/stm/Build/StmPkg/DEBUG_VS2010x86/IA32/StmPkg/EdkII/MdePkg/Library/BaseLib/BaseLib/OUTPUT/Ia32/ReadCr3.obj
z:/stm_reference/stmpegit/stm-pe/stm/Build/StmPkg/DEBUG_VS2010x86/IA32/StmPkg/EdkII/MdePkg/Library/BaseLib/BaseLib/OUTPUT/Ia32/ReadCr2.obj
z:/stm_reference/stmpegit/stm-pe/stm/Build/StmPkg/DEBUG_VS2010x86/IA32/StmPkg/EdkII/MdePkg/Library/BaseLib/BaseLib/OUTPUT/Ia32/ReadCr0.obj
z:/stm_reference/stmpegit/stm-pe/stm/Build/StmPkg/DEBUG_VS2010x86/IA32/StmPkg/EdkII/MdePkg/Library/BaseLib/BaseLib/OUTPUT/Ia32/MultU64x32.obj
z:/stm_reference/stmpegit/stm-pe/stm/Build/StmPkg/DEBUG_VS2010x86/IA32/StmPkg/EdkII/MdePkg/Library/BaseLib/BaseLib/OUTPUT/Ia32/LShiftU64.obj
z:/stm_reference/stmpegit/stm-pe/stm/Build/StmPkg/DEBUG_VS2010x86/IA32/StmPkg/EdkII/MdePkg/Library/BaseLib/BaseLib/OUTPUT/Ia32/LongJump.obj
z:/stm_reference/stmpegit/stm-pe/stm/Build/StmPkg/DEBUG_VS2010x86/IA32/StmPkg/EdkII/MdePkg/Library/BaseLib/BaseLib/OUTPUT/Ia32/Invd.obj
z:/stm_reference/stmpegit/stm-pe/stm/Build/StmPkg/DEBUG_VS2010x86/IA32/StmPkg/EdkII/MdePkg/Library/BaseLib/BaseLib/OUTPUT/Ia32/FxRestore.obj
z:/stm_reference/stmpegit/stm-pe/stm/Build/StmPkg/DEBUG_VS2010x86/IA32/StmPkg/EdkII/MdePkg/Library/BaseLib/BaseLib/OUTPUT/Ia32/FxSave.obj
z:/stm_reference/stmpegit/stm-pe/stm/Build/StmPkg/DEBUG_VS2010x86/IA32/StmPkg/EdkII/MdePkg/Library/BaseLib/BaseLib/OUTPUT/Ia32/FlushCacheLine.obj
z:/stm_reference/stmpegit/stm-pe/stm/Build/StmPkg/DEBUG_VS2010x86/IA32/StmPkg/EdkII/MdePkg/Library/BaseLib/BaseLib/OUTPUT/Ia32/EnableInterrupts.obj
z:/stm_reference/stmpegit/stm-pe/stm/Build/StmPkg/DEBUG_VS2010x86/IA32/StmPkg/EdkII/MdePkg/Library/BaseLib/BaseLib/OUTPUT/Ia32/EnableDisableInterrupts.obj
z:/stm_reference/stmpegit/stm-pe/stm/Build/StmPkg/DEBUG_VS2010x86/IA32/StmPkg/EdkII/MdePkg/Library/BaseLib/BaseLib/OUTPUT/Ia32/DivU64x32Remainder.obj
z:/stm_reference/stmpegit/stm-pe/stm/Build/StmPkg/DEBUG_VS2010x86/IA32/StmPkg/EdkII/MdePkg/Library/BaseLib/BaseLib/OUTPUT/Ia32/DivU64x32.obj
z:/stm_reference/stmpegit/stm-pe/stm/Build/StmPkg/DEBUG_VS2010x86/IA32/StmPkg/EdkII/MdePkg/Library/BaseLib/BaseLib/OUTPUT/Ia32/DisableInterrupts.obj
z:/stm_reference/stmpegit/stm-pe/stm/Build/StmPkg/DEBUG_VS2010x86/IA32/StmPkg/EdkII/MdePkg/Library/BaseLib/BaseLib/OUTPUT/Ia32/CpuPause.obj
z:/stm_reference/stmpegit/stm-pe/stm/Build/StmPkg/DEBUG_VS2010x86/IA32/StmPkg/EdkII/MdePkg/Library/BaseLib/BaseLib/OUTPUT/Ia32/CpuIdEx.obj
z:/stm_reference/stmpegit/stm-pe/stm/Build/StmPkg/DEBUG_VS2010x86/IA32/StmPkg/EdkII/MdePkg/Library/BaseLib/BaseLib/OUTPUT/Ia32/CpuId.obj
z:/stm_reference/stmpegit/stm-pe/stm/Build/StmPkg/DEBUG_VS2010x86/IA32/StmPkg/EdkII/MdePkg/Library/BaseLib/BaseLib/OUTPUT/Ia32/CpuBreakpoint.obj
z:/stm_reference/stmpegit/stm-pe/stm/Build/StmPkg/DEBUG_VS2010x86/IA32/StmPkg/EdkII/MdePkg/Library/BaseLib/BaseLib/OUTPUT/Ia32/EnableCache.obj
z:/stm_reference/stmpegit/stm-pe/stm/Build/StmPkg/DEBUG_VS2010x86/IA32/StmPkg/EdkII/MdePkg/Library/BaseLib/BaseLib/OUTPUT/Ia32/DisableCache.obj
z:/stm_reference/stmpegit/stm-pe/stm/Build/StmPkg/DEBUG_VS2010x86/IA32/StmPkg/EdkII/MdePkg/Library/BaseLib/BaseLib/OUTPUT/Ia32/Non-existing.obj
z:/stm_reference/stmpegit/stm-pe/stm/Build/StmPkg/DEBUG_VS2010x86/IA32/StmPkg/EdkII/MdePkg/Library/BaseLib/BaseLib/OUTPUT/Unaligned.obj
z:/stm_reference/stmpegit/stm-pe/stm/Build/StmPkg/DEBUG_VS2010x86/IA32/StmPkg/EdkII/MdePkg/Library/BaseLib/BaseLib/OUTPUT/X86WriteIdtr.obj
z:/stm_reference/stmpegit/stm-pe/stm/Build/StmPkg/DEBUG_VS2010x86/IA32/StmPkg/EdkII/MdePkg/Library/BaseLib/BaseLib/OUTPUT/X86WriteGdtr.obj
z:/stm_reference/stmpegit/stm-pe/stm/Build/StmPkg/DEBUG_VS2010x86/IA32/StmPkg/EdkII/MdePkg/Library/BaseLib/BaseLib/OUTPUT/X86ReadIdtr.obj
z:/stm_reference/stmpegit/stm-pe/stm/Build/StmPkg/DEBUG_VS2010x86/IA32/StmPkg/EdkII/MdePkg/Library/BaseLib/BaseLib/OUTPUT/X86ReadGdtr.obj
z:/stm_reference/stmpegit/stm-pe/stm/Build/StmPkg/DEBUG_VS2010x86/IA32/StmPkg/EdkII/MdePkg/Library/BaseLib/BaseLib/OUTPUT/X86Msr.obj
z:/stm_reference/stmpegit/stm-pe/stm/Build/StmPkg/DEBUG_VS2010x86/IA32/StmPkg/EdkII/MdePkg/Library/BaseLib/BaseLib/OUTPUT/X86MemoryFence.obj
z:/stm_reference/stmpegit/stm-pe/stm/Build/StmPkg/DEBUG_VS2010x86/IA32/StmPkg/EdkII/MdePkg/Library/BaseLib/BaseLib/OUTPUT/X86GetInterruptState.obj
z:/stm_reference/stmpegit/stm-pe/stm/Build/StmPkg/DEBUG_VS2010x86/IA32/StmPkg/EdkII/MdePkg/Library/BaseLib/BaseLib/OUTPUT/X86FxSave.obj
z:/stm_reference/stmpegit/stm-pe/stm/Build/StmPkg/DEBUG_VS2010x86/IA32/StmPkg/EdkII/MdePkg/Library/BaseLib/BaseLib/OUTPUT/X86FxRestore.obj